<?xml version="1.0" encoding="UTF-8"?>
<!-- Generated by org.testng.reporters.JUnitReportReporter -->
<testsuite hostname="KIN-06" failures="0" tests="1" name="com.orangehrm.tests.Login" time="10.458" errors="0" timestamp="2025-04-13T14:04:16 PKT" skipped="0">
  <testcase classname="com.orangehrm.tests.Login" name="loginWithWrongUserName" time="10.458"/>
</testsuite> <!-- com.orangehrm.tests.Login -->
