<?xml version="1.0" encoding="UTF-8"?>
<!-- Generated by org.testng.reporters.JUnitReportReporter -->
<testsuite hostname="KIN-06" failures="0" tests="1" name="com.orangehrm.tests.LoginTest$LoginTests" time="0.651" errors="0" timestamp="2025-04-14T21:22:14 PKT" skipped="0">
  <testcase classname="com.orangehrm.tests.LoginTest$LoginTests" name="testPasswordFieldIsMasked" time="0.651"/>
  <system-out/>
</testsuite> <!-- com.orangehrm.tests.LoginTest$LoginTests -->
