<?xml version="1.0" encoding="UTF-8"?>
<!-- Generated by org.testng.reporters.JUnitReportReporter -->
<testsuite hostname="KIN-06" failures="0" tests="3" name="com.orangehrm.tests.LoginTest" time="15.798" errors="0" timestamp="2025-04-15T11:28:34 PKT" skipped="0">
  <testcase classname="com.orangehrm.tests.LoginTest" name="testLogin" time="4.639"/>
  <system-out/>
  <testcase classname="com.orangehrm.tests.LoginTest" name="testLogin" time="4.591"/>
  <system-out/>
  <testcase classname="com.orangehrm.tests.LoginTest" name="testLogin" time="6.568"/>
  <system-out/>
</testsuite> <!-- com.orangehrm.tests.LoginTest -->
